Analysis & Synthesis report for projeto_final
Fri Dec  1 15:29:59 2023
Quartus II 32-bit Version 13.0.1 Build 232 06/12/2013 Service Pack 1 SJ Web Edition


---------------------
; Table of Contents ;
---------------------
  1. Legal Notice
  2. Analysis & Synthesis Summary
  3. Analysis & Synthesis Settings
  4. Parallel Compilation
  5. Analysis & Synthesis Source Files Read
  6. Analysis & Synthesis Resource Usage Summary
  7. Analysis & Synthesis Resource Utilization by Entity
  8. State Machine - |usertop|controle:ctr|EAtual
  9. State Machine - |usertop|ButtonSync:bsc|BTN0_state
 10. State Machine - |usertop|ButtonSync:bsc|BTN1_state
 11. Registers Removed During Synthesis
 12. General Register Statistics
 13. Inverted Register Statistics
 14. Multiplexer Restructuring Statistics (Restructuring Performed)
 15. Port Connectivity Checks: "datapath:dtp|Mux2_1x8:LoadMux1"
 16. Port Connectivity Checks: "datapath:dtp|Mux2_1x8:LoadMux0"
 17. Port Connectivity Checks: "datapath:dtp|Mux4_1x8:PenaltyMUX"
 18. Port Connectivity Checks: "datapath:dtp|Decod7seg:d7_hx0_2"
 19. Port Connectivity Checks: "datapath:dtp|Decod7seg:d7_hx0_1"
 20. Port Connectivity Checks: "datapath:dtp|Mux2_1x7:mx1hx1"
 21. Port Connectivity Checks: "datapath:dtp|Decod7seg:d7_hx1_1"
 22. Port Connectivity Checks: "datapath:dtp|somador:somadorSeq"
 23. Port Connectivity Checks: "datapath:dtp|Mux2_1x8:muxsoma4"
 24. Port Connectivity Checks: "datapath:dtp|Mux2_1x8:muxsoma3"
 25. Port Connectivity Checks: "datapath:dtp|Mux2_1x8:muxsoma2"
 26. Port Connectivity Checks: "datapath:dtp|Mux2_1x8:muxsoma1"
 27. Elapsed Time Per Partition
 28. Analysis & Synthesis Messages



----------------
; Legal Notice ;
----------------
Copyright (C) 1991-2013 Altera Corporation
Your use of Altera Corporation's design tools, logic functions 
and other software and tools, and its AMPP partner logic 
functions, and any output files from any of the foregoing 
(including device programming or simulation files), and any 
associated documentation or information are expressly subject 
to the terms and conditions of the Altera Program License 
Subscription Agreement, Altera MegaCore Function License 
Agreement, or other applicable license agreement, including, 
without limitation, that your use is for the sole purpose of 
programming logic devices manufactured by Altera and sold by 
Altera or its authorized distributors.  Please refer to the 
applicable agreement for further details.



+--------------------------------------------------------------------------------------+
; Analysis & Synthesis Summary                                                         ;
+------------------------------------+-------------------------------------------------+
; Analysis & Synthesis Status        ; Successful - Fri Dec  1 15:29:59 2023           ;
; Quartus II 32-bit Version          ; 13.0.1 Build 232 06/12/2013 SP 1 SJ Web Edition ;
; Revision Name                      ; projeto_final                                   ;
; Top-level Entity Name              ; usertop                                         ;
; Family                             ; Cyclone II                                      ;
; Total logic elements               ; 752                                             ;
;     Total combinational functions  ; 734                                             ;
;     Dedicated logic registers      ; 83                                              ;
; Total registers                    ; 83                                              ;
; Total pins                         ; 95                                              ;
; Total virtual pins                 ; 0                                               ;
; Total memory bits                  ; 0                                               ;
; Embedded Multiplier 9-bit elements ; 0                                               ;
; Total PLLs                         ; 0                                               ;
+------------------------------------+-------------------------------------------------+


+----------------------------------------------------------------------------------------------------------------------+
; Analysis & Synthesis Settings                                                                                        ;
+----------------------------------------------------------------------------+--------------------+--------------------+
; Option                                                                     ; Setting            ; Default Value      ;
+----------------------------------------------------------------------------+--------------------+--------------------+
; Device                                                                     ; EP2C35F672C6       ;                    ;
; Top-level entity name                                                      ; usertop            ; projeto_final      ;
; Family name                                                                ; Cyclone II         ; Cyclone IV GX      ;
; Use smart compilation                                                      ; Off                ; Off                ;
; Enable parallel Assembler and TimeQuest Timing Analyzer during compilation ; On                 ; On                 ;
; Enable compact report table                                                ; Off                ; Off                ;
; Restructure Multiplexers                                                   ; Auto               ; Auto               ;
; Create Debugging Nodes for IP Cores                                        ; Off                ; Off                ;
; Preserve fewer node names                                                  ; On                 ; On                 ;
; Disable OpenCore Plus hardware evaluation                                  ; Off                ; Off                ;
; Verilog Version                                                            ; Verilog_2001       ; Verilog_2001       ;
; VHDL Version                                                               ; VHDL_1993          ; VHDL_1993          ;
; State Machine Processing                                                   ; Auto               ; Auto               ;
; Safe State Machine                                                         ; Off                ; Off                ;
; Extract Verilog State Machines                                             ; On                 ; On                 ;
; Extract VHDL State Machines                                                ; On                 ; On                 ;
; Ignore Verilog initial constructs                                          ; Off                ; Off                ;
; Iteration limit for constant Verilog loops                                 ; 5000               ; 5000               ;
; Iteration limit for non-constant Verilog loops                             ; 250                ; 250                ;
; Add Pass-Through Logic to Inferred RAMs                                    ; On                 ; On                 ;
; Infer RAMs from Raw Logic                                                  ; On                 ; On                 ;
; Parallel Synthesis                                                         ; On                 ; On                 ;
; DSP Block Balancing                                                        ; Auto               ; Auto               ;
; NOT Gate Push-Back                                                         ; On                 ; On                 ;
; Power-Up Don't Care                                                        ; On                 ; On                 ;
; Remove Redundant Logic Cells                                               ; Off                ; Off                ;
; Remove Duplicate Registers                                                 ; On                 ; On                 ;
; Ignore CARRY Buffers                                                       ; Off                ; Off                ;
; Ignore CASCADE Buffers                                                     ; Off                ; Off                ;
; Ignore GLOBAL Buffers                                                      ; Off                ; Off                ;
; Ignore ROW GLOBAL Buffers                                                  ; Off                ; Off                ;
; Ignore LCELL Buffers                                                       ; Off                ; Off                ;
; Ignore SOFT Buffers                                                        ; On                 ; On                 ;
; Limit AHDL Integers to 32 Bits                                             ; Off                ; Off                ;
; Optimization Technique                                                     ; Balanced           ; Balanced           ;
; Carry Chain Length                                                         ; 70                 ; 70                 ;
; Auto Carry Chains                                                          ; On                 ; On                 ;
; Auto Open-Drain Pins                                                       ; On                 ; On                 ;
; Perform WYSIWYG Primitive Resynthesis                                      ; Off                ; Off                ;
; Auto ROM Replacement                                                       ; On                 ; On                 ;
; Auto RAM Replacement                                                       ; On                 ; On                 ;
; Auto Shift Register Replacement                                            ; Auto               ; Auto               ;
; Allow Shift Register Merging across Hierarchies                            ; Auto               ; Auto               ;
; Auto Clock Enable Replacement                                              ; On                 ; On                 ;
; Strict RAM Replacement                                                     ; Off                ; Off                ;
; Allow Synchronous Control Signals                                          ; On                 ; On                 ;
; Force Use of Synchronous Clear Signals                                     ; Off                ; Off                ;
; Auto RAM to Logic Cell Conversion                                          ; Off                ; Off                ;
; Auto Resource Sharing                                                      ; Off                ; Off                ;
; Allow Any RAM Size For Recognition                                         ; Off                ; Off                ;
; Allow Any ROM Size For Recognition                                         ; Off                ; Off                ;
; Allow Any Shift Register Size For Recognition                              ; Off                ; Off                ;
; Use LogicLock Constraints during Resource Balancing                        ; On                 ; On                 ;
; Ignore translate_off and synthesis_off directives                          ; Off                ; Off                ;
; Timing-Driven Synthesis                                                    ; Off                ; Off                ;
; Report Parameter Settings                                                  ; On                 ; On                 ;
; Report Source Assignments                                                  ; On                 ; On                 ;
; Report Connectivity Checks                                                 ; On                 ; On                 ;
; Ignore Maximum Fan-Out Assignments                                         ; Off                ; Off                ;
; Synchronization Register Chain Length                                      ; 2                  ; 2                  ;
; PowerPlay Power Optimization                                               ; Normal compilation ; Normal compilation ;
; HDL message level                                                          ; Level2             ; Level2             ;
; Suppress Register Optimization Related Messages                            ; Off                ; Off                ;
; Number of Removed Registers Reported in Synthesis Report                   ; 5000               ; 5000               ;
; Number of Swept Nodes Reported in Synthesis Report                         ; 5000               ; 5000               ;
; Number of Inverted Registers Reported in Synthesis Report                  ; 100                ; 100                ;
; Clock MUX Protection                                                       ; On                 ; On                 ;
; Auto Gated Clock Conversion                                                ; Off                ; Off                ;
; Block Design Naming                                                        ; Auto               ; Auto               ;
; SDC constraint protection                                                  ; Off                ; Off                ;
; Synthesis Effort                                                           ; Auto               ; Auto               ;
; Shift Register Replacement - Allow Asynchronous Clear Signal               ; On                 ; On                 ;
; Pre-Mapping Resynthesis Optimization                                       ; Off                ; Off                ;
; Analysis & Synthesis Message Level                                         ; Medium             ; Medium             ;
; Disable Register Merging Across Hierarchies                                ; Auto               ; Auto               ;
; Resource Aware Inference For Block RAM                                     ; On                 ; On                 ;
; Synthesis Seed                                                             ; 1                  ; 1                  ;
+----------------------------------------------------------------------------+--------------------+--------------------+


+------------------------------------------+
; Parallel Compilation                     ;
+----------------------------+-------------+
; Processors                 ; Number      ;
+----------------------------+-------------+
; Number detected on machine ; 2           ;
; Maximum allowed            ; 2           ;
;                            ;             ;
; Average used               ; 1.00        ;
; Maximum used               ; 1           ;
;                            ;             ;
; Usage by Processor         ; % Time Used ;
;     Processor 1            ; 100.0%      ;
;     Processor 2            ;   0.0%      ;
+----------------------------+-------------+


+-------------------------------------------------------------------------------------------------------------------------------------------------------+
; Analysis & Synthesis Source Files Read                                                                                                                ;
+----------------------------------+-----------------+-----------------+----------------------------------------------------------------------+---------+
; File Name with User-Entered Path ; Used in Netlist ; File Type       ; File Name with Absolute Path                                         ; Library ;
+----------------------------------+-----------------+-----------------+----------------------------------------------------------------------+---------+
; decoder_termometrico.vhd         ; yes             ; User VHDL File  ; /home/100000000913047/Desktop/projeto_final/decoder_termometrico.vhd ;         ;
; Decod7seg.vhd                    ; yes             ; User VHDL File  ; /home/100000000913047/Desktop/projeto_final/Decod7seg.vhd            ;         ;
; DecBCD.vhd                       ; yes             ; User VHDL File  ; /home/100000000913047/Desktop/projeto_final/DecBCD.vhd               ;         ;
; datapath.vhd                     ; yes             ; User VHDL File  ; /home/100000000913047/Desktop/projeto_final/datapath.vhd             ;         ;
; Counter_time.vhd                 ; yes             ; User VHDL File  ; /home/100000000913047/Desktop/projeto_final/Counter_time.vhd         ;         ;
; Counter_seq.vhd                  ; yes             ; User VHDL File  ; /home/100000000913047/Desktop/projeto_final/Counter_seq.vhd          ;         ;
; Counter_round.vhd                ; yes             ; User VHDL File  ; /home/100000000913047/Desktop/projeto_final/Counter_round.vhd        ;         ;
; controle.vhd                     ; yes             ; User VHDL File  ; /home/100000000913047/Desktop/projeto_final/controle.vhd             ;         ;
; Comparador.vhd                   ; yes             ; User VHDL File  ; /home/100000000913047/Desktop/projeto_final/Comparador.vhd           ;         ;
; ButtonSync.vhd                   ; yes             ; User VHDL File  ; /home/100000000913047/Desktop/projeto_final/ButtonSync.vhd           ;         ;
; usertop.vhd                      ; yes             ; User VHDL File  ; /home/100000000913047/Desktop/projeto_final/usertop.vhd              ;         ;
; Somador.vhd                      ; yes             ; User VHDL File  ; /home/100000000913047/Desktop/projeto_final/Somador.vhd              ;         ;
; Reg16b.vhd                       ; yes             ; User VHDL File  ; /home/100000000913047/Desktop/projeto_final/Reg16b.vhd               ;         ;
; Reg8b.vhd                        ; yes             ; User VHDL File  ; /home/100000000913047/Desktop/projeto_final/Reg8b.vhd                ;         ;
; Reg2b.vhd                        ; yes             ; User VHDL File  ; /home/100000000913047/Desktop/projeto_final/Reg2b.vhd                ;         ;
; Mux4_1x8.vhd                     ; yes             ; User VHDL File  ; /home/100000000913047/Desktop/projeto_final/Mux4_1x8.vhd             ;         ;
; Mux2_1x16.vhd                    ; yes             ; User VHDL File  ; /home/100000000913047/Desktop/projeto_final/Mux2_1x16.vhd            ;         ;
; Mux2_1x8.vhd                     ; yes             ; User VHDL File  ; /home/100000000913047/Desktop/projeto_final/Mux2_1x8.vhd             ;         ;
; Mux2_1x7.vhd                     ; yes             ; User VHDL File  ; /home/100000000913047/Desktop/projeto_final/Mux2_1x7.vhd             ;         ;
; Div_Freq_DE2.vhd                 ; yes             ; User VHDL File  ; /home/100000000913047/Desktop/projeto_final/Div_Freq_DE2.vhd         ;         ;
+----------------------------------+-----------------+-----------------+----------------------------------------------------------------------+---------+


+----------------------------------------------------------------------------+
; Analysis & Synthesis Resource Usage Summary                                ;
+---------------------------------------------+------------------------------+
; Resource                                    ; Usage                        ;
+---------------------------------------------+------------------------------+
; Estimated Total logic elements              ; 752                          ;
;                                             ;                              ;
; Total combinational functions               ; 734                          ;
; Logic element usage by number of LUT inputs ;                              ;
;     -- 4 input functions                    ; 498                          ;
;     -- 3 input functions                    ; 144                          ;
;     -- <=2 input functions                  ; 92                           ;
;                                             ;                              ;
; Logic elements by mode                      ;                              ;
;     -- normal mode                          ; 687                          ;
;     -- arithmetic mode                      ; 47                           ;
;                                             ;                              ;
; Total registers                             ; 83                           ;
;     -- Dedicated logic registers            ; 83                           ;
;     -- I/O registers                        ; 0                            ;
;                                             ;                              ;
; I/O pins                                    ; 95                           ;
; Embedded Multiplier 9-bit elements          ; 0                            ;
; Maximum fan-out node                        ; datapath:dtp|Reg8b:REG8|Q[4] ;
; Maximum fan-out                             ; 164                          ;
; Total fan-out                               ; 2955                         ;
; Average fan-out                             ; 3.24                         ;
+---------------------------------------------+------------------------------+


+------------------------------------------------------------------------------------------------------------------------------------------------------------------------------------------------------------------------+
; Analysis & Synthesis Resource Utilization by Entity                                                                                                                                                                    ;
+---------------------------------------+-------------------+--------------+-------------+--------------+---------+-----------+------+--------------+-----------------------------------------------------+--------------+
; Compilation Hierarchy Node            ; LC Combinationals ; LC Registers ; Memory Bits ; DSP Elements ; DSP 9x9 ; DSP 18x18 ; Pins ; Virtual Pins ; Full Hierarchy Name                                 ; Library Name ;
+---------------------------------------+-------------------+--------------+-------------+--------------+---------+-----------+------+--------------+-----------------------------------------------------+--------------+
; |usertop                              ; 734 (0)           ; 83 (0)       ; 0           ; 0            ; 0       ; 0         ; 95   ; 0            ; |usertop                                            ; work         ;
;    |ButtonSync:bsc|                   ; 4 (4)             ; 4 (4)        ; 0           ; 0            ; 0       ; 0         ; 0    ; 0            ; |usertop|ButtonSync:bsc                             ; work         ;
;    |controle:ctr|                     ; 12 (12)           ; 7 (7)        ; 0           ; 0            ; 0       ; 0         ; 0    ; 0            ; |usertop|controle:ctr                               ; work         ;
;    |datapath:dtp|                     ; 718 (4)           ; 72 (0)       ; 0           ; 0            ; 0       ; 0         ; 0    ; 0            ; |usertop|datapath:dtp                               ; work         ;
;       |Comparador:Comp|               ; 5 (5)             ; 0 (0)        ; 0           ; 0            ; 0       ; 0         ; 0    ; 0            ; |usertop|datapath:dtp|Comparador:Comp               ; work         ;
;       |Counter_round:cntround|        ; 4 (4)             ; 4 (4)        ; 0           ; 0            ; 0       ; 0         ; 0    ; 0            ; |usertop|datapath:dtp|Counter_round:cntround        ; work         ;
;       |Counter_time:Ctime|            ; 9 (9)             ; 8 (8)        ; 0           ; 0            ; 0       ; 0         ; 0    ; 0            ; |usertop|datapath:dtp|Counter_time:Ctime            ; work         ;
;       |DecBCD:dec7bcd|                ; 49 (49)           ; 0 (0)        ; 0           ; 0            ; 0       ; 0         ; 0    ; 0            ; |usertop|datapath:dtp|DecBCD:dec7bcd                ; work         ;
;       |DecBCD:decBCDsoma|             ; 95 (95)           ; 0 (0)        ; 0           ; 0            ; 0       ; 0         ; 0    ; 0            ; |usertop|datapath:dtp|DecBCD:decBCDsoma             ; work         ;
;       |Decod7seg:d7_hx0_3|            ; 5 (5)             ; 0 (0)        ; 0           ; 0            ; 0       ; 0         ; 0    ; 0            ; |usertop|datapath:dtp|Decod7seg:d7_hx0_3            ; work         ;
;       |Decod7seg:d7_hx0_4|            ; 3 (3)             ; 0 (0)        ; 0           ; 0            ; 0       ; 0         ; 0    ; 0            ; |usertop|datapath:dtp|Decod7seg:d7_hx0_4            ; work         ;
;       |Decod7seg:d7_hx1_2|            ; 2 (2)             ; 0 (0)        ; 0           ; 0            ; 0       ; 0         ; 0    ; 0            ; |usertop|datapath:dtp|Decod7seg:d7_hx1_2            ; work         ;
;       |Decod7seg:d7_hx1_3|            ; 3 (3)             ; 0 (0)        ; 0           ; 0            ; 0       ; 0         ; 0    ; 0            ; |usertop|datapath:dtp|Decod7seg:d7_hx1_3            ; work         ;
;       |Decod7seg:d7_hx6|              ; 7 (7)             ; 0 (0)        ; 0           ; 0            ; 0       ; 0         ; 0    ; 0            ; |usertop|datapath:dtp|Decod7seg:d7_hx6              ; work         ;
;       |Decod7seg:d7_hx7|              ; 7 (7)             ; 0 (0)        ; 0           ; 0            ; 0       ; 0         ; 0    ; 0            ; |usertop|datapath:dtp|Decod7seg:d7_hx7              ; work         ;
;       |Div_Freq_DE2:divfreq|          ; 44 (44)           ; 30 (30)      ; 0           ; 0            ; 0       ; 0         ; 0    ; 0            ; |usertop|datapath:dtp|Div_Freq_DE2:divfreq          ; work         ;
;       |Mux2_1x16:mx_led|              ; 24 (24)           ; 0 (0)        ; 0           ; 0            ; 0       ; 0         ; 0    ; 0            ; |usertop|datapath:dtp|Mux2_1x16:mx_led              ; work         ;
;       |Mux2_1x7:mx2hx1|               ; 3 (3)             ; 0 (0)        ; 0           ; 0            ; 0       ; 0         ; 0    ; 0            ; |usertop|datapath:dtp|Mux2_1x7:mx2hx1               ; work         ;
;       |Mux2_1x7:mx3hx0|               ; 26 (26)           ; 0 (0)        ; 0           ; 0            ; 0       ; 0         ; 0    ; 0            ; |usertop|datapath:dtp|Mux2_1x7:mx3hx0               ; work         ;
;       |Mux2_1x7:mx3hx1|               ; 24 (24)           ; 0 (0)        ; 0           ; 0            ; 0       ; 0         ; 0    ; 0            ; |usertop|datapath:dtp|Mux2_1x7:mx3hx1               ; work         ;
;       |Mux2_1x8:LoadMux1|             ; 3 (3)             ; 0 (0)        ; 0           ; 0            ; 0       ; 0         ; 0    ; 0            ; |usertop|datapath:dtp|Mux2_1x8:LoadMux1             ; work         ;
;       |Mux2_1x8:muxsoma1|             ; 5 (5)             ; 0 (0)        ; 0           ; 0            ; 0       ; 0         ; 0    ; 0            ; |usertop|datapath:dtp|Mux2_1x8:muxsoma1             ; work         ;
;       |Mux2_1x8:muxsoma2|             ; 362 (362)         ; 0 (0)        ; 0           ; 0            ; 0       ; 0         ; 0    ; 0            ; |usertop|datapath:dtp|Mux2_1x8:muxsoma2             ; work         ;
;       |Mux2_1x8:muxsoma4|             ; 2 (2)             ; 0 (0)        ; 0           ; 0            ; 0       ; 0         ; 0    ; 0            ; |usertop|datapath:dtp|Mux2_1x8:muxsoma4             ; work         ;
;       |Reg16b:play1|                  ; 0 (0)             ; 16 (16)      ; 0           ; 0            ; 0       ; 0         ; 0    ; 0            ; |usertop|datapath:dtp|Reg16b:play1                  ; work         ;
;       |Reg2b:SelREG2|                 ; 0 (0)             ; 2 (2)        ; 0           ; 0            ; 0       ; 0         ; 0    ; 0            ; |usertop|datapath:dtp|Reg2b:SelREG2                 ; work         ;
;       |Reg8b:REG8|                    ; 0 (0)             ; 8 (8)        ; 0           ; 0            ; 0       ; 0         ; 0    ; 0            ; |usertop|datapath:dtp|Reg8b:REG8                    ; work         ;
;       |counter_seq:CSeq|              ; 4 (4)             ; 4 (4)        ; 0           ; 0            ; 0       ; 0         ; 0    ; 0            ; |usertop|datapath:dtp|counter_seq:CSeq              ; work         ;
;       |decoder_termometrico:dectermo| ; 7 (7)             ; 0 (0)        ; 0           ; 0            ; 0       ; 0         ; 0    ; 0            ; |usertop|datapath:dtp|decoder_termometrico:dectermo ; work         ;
;       |somador:somador1|              ; 4 (4)             ; 0 (0)        ; 0           ; 0            ; 0       ; 0         ; 0    ; 0            ; |usertop|datapath:dtp|somador:somador1              ; work         ;
;       |somador:somador2|              ; 5 (5)             ; 0 (0)        ; 0           ; 0            ; 0       ; 0         ; 0    ; 0            ; |usertop|datapath:dtp|somador:somador2              ; work         ;
;       |somador:somador3|              ; 5 (5)             ; 0 (0)        ; 0           ; 0            ; 0       ; 0         ; 0    ; 0            ; |usertop|datapath:dtp|somador:somador3              ; work         ;
;       |somador:somadorSeq|            ; 7 (7)             ; 0 (0)        ; 0           ; 0            ; 0       ; 0         ; 0    ; 0            ; |usertop|datapath:dtp|somador:somadorSeq            ; work         ;
+---------------------------------------+-------------------+--------------+-------------+--------------+---------+-----------+------+--------------+-----------------------------------------------------+--------------+
Note: For table entries with two numbers listed, the numbers in parentheses indicate the number of resources of the given type used by the specific entity alone. The numbers listed outside of parentheses indicate the total resources of the given type used by the specific entity and all of its sub-entities in the hierarchy.


Encoding Type:  One-Hot
+-------------------------------------------------------------------------------------------------------------------------------+
; State Machine - |usertop|controle:ctr|EAtual                                                                                  ;
+-----------------+---------------+----------------+--------------+-------------+-----------------+--------------+--------------+
; Name            ; EAtual.Result ; EAtual.Sellect ; EAtual.Check ; EAtual.Play ; EAtual.Sequence ; EAtual.Setup ; EAtual.Innit ;
+-----------------+---------------+----------------+--------------+-------------+-----------------+--------------+--------------+
; EAtual.Innit    ; 0             ; 0              ; 0            ; 0           ; 0               ; 0            ; 0            ;
; EAtual.Setup    ; 0             ; 0              ; 0            ; 0           ; 0               ; 1            ; 1            ;
; EAtual.Sequence ; 0             ; 0              ; 0            ; 0           ; 1               ; 0            ; 1            ;
; EAtual.Play     ; 0             ; 0              ; 0            ; 1           ; 0               ; 0            ; 1            ;
; EAtual.Check    ; 0             ; 0              ; 1            ; 0           ; 0               ; 0            ; 1            ;
; EAtual.Sellect  ; 0             ; 1              ; 0            ; 0           ; 0               ; 0            ; 1            ;
; EAtual.Result   ; 1             ; 0              ; 0            ; 0           ; 0               ; 0            ; 1            ;
+-----------------+---------------+----------------+--------------+-------------+-----------------+--------------+--------------+


Encoding Type:  One-Hot
+-------------------------------------------------------------------------------------------------------+
; State Machine - |usertop|ButtonSync:bsc|BTN0_state                                                    ;
+--------------------------+-------------------------+-----------------------+--------------------------+
; Name                     ; BTN0_state.EsperaSoltar ; BTN0_state.SaidaAtiva ; BTN0_state.EsperaApertar ;
+--------------------------+-------------------------+-----------------------+--------------------------+
; BTN0_state.EsperaApertar ; 0                       ; 0                     ; 0                        ;
; BTN0_state.SaidaAtiva    ; 0                       ; 1                     ; 1                        ;
; BTN0_state.EsperaSoltar  ; 1                       ; 0                     ; 1                        ;
+--------------------------+-------------------------+-----------------------+--------------------------+


Encoding Type:  One-Hot
+-------------------------------------------------------------------------------------------------------+
; State Machine - |usertop|ButtonSync:bsc|BTN1_state                                                    ;
+--------------------------+-------------------------+-----------------------+--------------------------+
; Name                     ; BTN1_state.EsperaSoltar ; BTN1_state.SaidaAtiva ; BTN1_state.EsperaApertar ;
+--------------------------+-------------------------+-----------------------+--------------------------+
; BTN1_state.EsperaApertar ; 0                       ; 0                     ; 0                        ;
; BTN1_state.SaidaAtiva    ; 0                       ; 1                     ; 1                        ;
; BTN1_state.EsperaSoltar  ; 1                       ; 0                     ; 1                        ;
+--------------------------+-------------------------+-----------------------+--------------------------+


+-------------------------------------------------------------+
; Registers Removed During Synthesis                          ;
+----------------------------------------+--------------------+
; Register name                          ; Reason for Removal ;
+----------------------------------------+--------------------+
; ButtonSync:bsc|BTN0_state.EsperaSoltar ; Lost fanout        ;
; ButtonSync:bsc|BTN1_state.EsperaSoltar ; Lost fanout        ;
; Total Number of Removed Registers = 2  ;                    ;
+----------------------------------------+--------------------+


+------------------------------------------------------+
; General Register Statistics                          ;
+----------------------------------------------+-------+
; Statistic                                    ; Value ;
+----------------------------------------------+-------+
; Total registers                              ; 83    ;
; Number of registers using Synchronous Clear  ; 28    ;
; Number of registers using Synchronous Load   ; 0     ;
; Number of registers using Asynchronous Clear ; 79    ;
; Number of registers using Asynchronous Load  ; 0     ;
; Number of registers using Clock Enable       ; 38    ;
; Number of registers using Preset             ; 0     ;
+----------------------------------------------+-------+


+-------------------------------------------------------+
; Inverted Register Statistics                          ;
+---------------------------------------------+---------+
; Inverted Register                           ; Fan out ;
+---------------------------------------------+---------+
; datapath:dtp|Counter_time:Ctime|cont[5]     ; 17      ;
; datapath:dtp|Counter_time:Ctime|cont[6]     ; 19      ;
; datapath:dtp|Counter_time:Ctime|cont[1]     ; 15      ;
; datapath:dtp|Counter_time:Ctime|cont[0]     ; 5       ;
; datapath:dtp|Counter_round:cntround|cont[1] ; 17      ;
; datapath:dtp|Counter_round:cntround|cont[2] ; 16      ;
; datapath:dtp|Counter_round:cntround|cont[3] ; 18      ;
; datapath:dtp|Counter_round:cntround|cont[0] ; 13      ;
; Total number of inverted registers = 8      ;         ;
+---------------------------------------------+---------+


+-------------------------------------------------------------------------------------------------------------------------------------------------------------------+
; Multiplexer Restructuring Statistics (Restructuring Performed)                                                                                                    ;
+--------------------+-----------+---------------+----------------------+------------------------+------------+-----------------------------------------------------+
; Multiplexer Inputs ; Bus Width ; Baseline Area ; Area if Restructured ; Saving if Restructured ; Registered ; Example Multiplexer Output                          ;
+--------------------+-----------+---------------+----------------------+------------------------+------------+-----------------------------------------------------+
; 3:1                ; 28 bits   ; 56 LEs        ; 28 LEs               ; 28 LEs                 ; Yes        ; |usertop|datapath:dtp|Div_Freq_DE2:divfreq|cont[25] ;
; 3:1                ; 2 bits    ; 4 LEs         ; 2 LEs                ; 2 LEs                  ; No         ; |usertop|datapath:dtp|DecBCD:dec7bcd|output[5]      ;
+--------------------+-----------+---------------+----------------------+------------------------+------------+-----------------------------------------------------+


+------------------------------------------------------------+
; Port Connectivity Checks: "datapath:dtp|Mux2_1x8:LoadMux1" ;
+------+-------+----------+----------------------------------+
; Port ; Type  ; Severity ; Details                          ;
+------+-------+----------+----------------------------------+
; l0   ; Input ; Info     ; Stuck at VCC                     ;
+------+-------+----------+----------------------------------+


+------------------------------------------------------------+
; Port Connectivity Checks: "datapath:dtp|Mux2_1x8:LoadMux0" ;
+------+-------+----------+----------------------------------+
; Port ; Type  ; Severity ; Details                          ;
+------+-------+----------+----------------------------------+
; l1   ; Input ; Info     ; Stuck at GND                     ;
+------+-------+----------+----------------------------------+


+--------------------------------------------------------------+
; Port Connectivity Checks: "datapath:dtp|Mux4_1x8:PenaltyMUX" ;
+----------+-------+----------+--------------------------------+
; Port     ; Type  ; Severity ; Details                        ;
+----------+-------+----------+--------------------------------+
; l0[7..1] ; Input ; Info     ; Stuck at VCC                   ;
; l0[0]    ; Input ; Info     ; Stuck at GND                   ;
; l1[7..2] ; Input ; Info     ; Stuck at VCC                   ;
; l1[1..0] ; Input ; Info     ; Stuck at GND                   ;
; l2[7..3] ; Input ; Info     ; Stuck at VCC                   ;
; l2[2]    ; Input ; Info     ; Stuck at GND                   ;
; l2[1]    ; Input ; Info     ; Stuck at VCC                   ;
; l2[0]    ; Input ; Info     ; Stuck at GND                   ;
; l3[7..3] ; Input ; Info     ; Stuck at VCC                   ;
; l3[2..0] ; Input ; Info     ; Stuck at GND                   ;
+----------+-------+----------+--------------------------------+


+-------------------------------------------------------------+
; Port Connectivity Checks: "datapath:dtp|Decod7seg:d7_hx0_2" ;
+-------------+-------+----------+----------------------------+
; Port        ; Type  ; Severity ; Details                    ;
+-------------+-------+----------+----------------------------+
; input[3..2] ; Input ; Info     ; Stuck at GND               ;
+-------------+-------+----------+----------------------------+


+-------------------------------------------------------------+
; Port Connectivity Checks: "datapath:dtp|Decod7seg:d7_hx0_1" ;
+-------+-------+----------+----------------------------------+
; Port  ; Type  ; Severity ; Details                          ;
+-------+-------+----------+----------------------------------+
; input ; Input ; Info     ; Stuck at VCC                     ;
+-------+-------+----------+----------------------------------+


+----------------------------------------------------------+
; Port Connectivity Checks: "datapath:dtp|Mux2_1x7:mx1hx1" ;
+----------+-------+----------+----------------------------+
; Port     ; Type  ; Severity ; Details                    ;
+----------+-------+----------+----------------------------+
; l1[2..0] ; Input ; Info     ; Stuck at VCC               ;
; l1[5..3] ; Input ; Info     ; Stuck at GND               ;
; l1[6]    ; Input ; Info     ; Stuck at VCC               ;
+----------+-------+----------+----------------------------+


+-------------------------------------------------------------+
; Port Connectivity Checks: "datapath:dtp|Decod7seg:d7_hx1_1" ;
+-------+-------+----------+----------------------------------+
; Port  ; Type  ; Severity ; Details                          ;
+-------+-------+----------+----------------------------------+
; input ; Input ; Info     ; Stuck at VCC                     ;
+-------+-------+----------+----------------------------------+


+-------------------------------------------------------------+
; Port Connectivity Checks: "datapath:dtp|somador:somadorSeq" ;
+---------+-------+----------+--------------------------------+
; Port    ; Type  ; Severity ; Details                        ;
+---------+-------+----------+--------------------------------+
; b[7..4] ; Input ; Info     ; Stuck at GND                   ;
+---------+-------+----------+--------------------------------+


+------------------------------------------------------------+
; Port Connectivity Checks: "datapath:dtp|Mux2_1x8:muxsoma4" ;
+----------+-------+----------+------------------------------+
; Port     ; Type  ; Severity ; Details                      ;
+----------+-------+----------+------------------------------+
; l0       ; Input ; Info     ; Stuck at GND                 ;
; l1[7..3] ; Input ; Info     ; Stuck at GND                 ;
+----------+-------+----------+------------------------------+


+------------------------------------------------------------+
; Port Connectivity Checks: "datapath:dtp|Mux2_1x8:muxsoma3" ;
+----------+-------+----------+------------------------------+
; Port     ; Type  ; Severity ; Details                      ;
+----------+-------+----------+------------------------------+
; l0       ; Input ; Info     ; Stuck at GND                 ;
; l1[7..4] ; Input ; Info     ; Stuck at GND                 ;
; l1[0]    ; Input ; Info     ; Stuck at GND                 ;
+----------+-------+----------+------------------------------+


+------------------------------------------------------------+
; Port Connectivity Checks: "datapath:dtp|Mux2_1x8:muxsoma2" ;
+----------+-------+----------+------------------------------+
; Port     ; Type  ; Severity ; Details                      ;
+----------+-------+----------+------------------------------+
; l0       ; Input ; Info     ; Stuck at GND                 ;
; l1[7..5] ; Input ; Info     ; Stuck at GND                 ;
; l1[1..0] ; Input ; Info     ; Stuck at GND                 ;
+----------+-------+----------+------------------------------+


+------------------------------------------------------------+
; Port Connectivity Checks: "datapath:dtp|Mux2_1x8:muxsoma1" ;
+----------+-------+----------+------------------------------+
; Port     ; Type  ; Severity ; Details                      ;
+----------+-------+----------+------------------------------+
; l0       ; Input ; Info     ; Stuck at GND                 ;
; l1[7..6] ; Input ; Info     ; Stuck at GND                 ;
; l1[2..0] ; Input ; Info     ; Stuck at GND                 ;
+----------+-------+----------+------------------------------+


+-------------------------------+
; Elapsed Time Per Partition    ;
+----------------+--------------+
; Partition Name ; Elapsed Time ;
+----------------+--------------+
; Top            ; 00:00:10     ;
+----------------+--------------+


+-------------------------------+
; Analysis & Synthesis Messages ;
+-------------------------------+
Info: *******************************************************************
Info: Running Quartus II 32-bit Analysis & Synthesis
    Info: Version 13.0.1 Build 232 06/12/2013 Service Pack 1 SJ Web Edition
    Info: Processing started: Fri Dec  1 15:29:46 2023
Info: Command: quartus_map --read_settings_files=on --write_settings_files=off projeto_final -c projeto_final
Info (20030): Parallel compilation is enabled and will use 2 of the 2 processors detected
Info (12021): Found 2 design units, including 1 entities, in source file decoder_termometrico.vhd
    Info (12022): Found design unit 1: decoder_termometrico-arc_decoder
    Info (12023): Found entity 1: decoder_termometrico
Info (12021): Found 2 design units, including 1 entities, in source file Decod7seg.vhd
    Info (12022): Found design unit 1: Decod7seg-bcd_decod7seg
    Info (12023): Found entity 1: Decod7seg
Info (12021): Found 2 design units, including 1 entities, in source file DecBCD.vhd
    Info (12022): Found design unit 1: DecBCD-arc_DecBCD
    Info (12023): Found entity 1: DecBCD
Info (12021): Found 2 design units, including 1 entities, in source file datapath.vhd
    Info (12022): Found design unit 1: datapath-arc_data
    Info (12023): Found entity 1: datapath
Info (12021): Found 2 design units, including 1 entities, in source file Counter_time.vhd
    Info (12022): Found design unit 1: Counter_time-counter
    Info (12023): Found entity 1: Counter_time
Info (12021): Found 2 design units, including 1 entities, in source file Counter_seq.vhd
    Info (12022): Found design unit 1: counter_seq-counter3
    Info (12023): Found entity 1: counter_seq
Info (12021): Found 2 design units, including 1 entities, in source file Counter_round.vhd
    Info (12022): Found design unit 1: Counter_round-counter2
    Info (12023): Found entity 1: Counter_round
Info (12021): Found 2 design units, including 1 entities, in source file controle.vhd
    Info (12022): Found design unit 1: controle-arc_controle
    Info (12023): Found entity 1: controle
Info (12021): Found 2 design units, including 1 entities, in source file Comparador.vhd
    Info (12022): Found design unit 1: Comparador-comp
    Info (12023): Found entity 1: Comparador
Info (12021): Found 2 design units, including 1 entities, in source file ButtonSync.vhd
    Info (12022): Found design unit 1: ButtonSync-ButtonSyncImpl
    Info (12023): Found entity 1: ButtonSync
Info (12021): Found 2 design units, including 1 entities, in source file usertop.vhd
    Info (12022): Found design unit 1: usertop-rtl
    Info (12023): Found entity 1: usertop
Info (12021): Found 2 design units, including 1 entities, in source file Somador.vhd
    Info (12022): Found design unit 1: somador-soma
    Info (12023): Found entity 1: somador
Info (12021): Found 2 design units, including 1 entities, in source file Reg16b.vhd
    Info (12022): Found design unit 1: Reg16b-reg16
    Info (12023): Found entity 1: Reg16b
Info (12021): Found 2 design units, including 1 entities, in source file Reg8b.vhd
    Info (12022): Found design unit 1: Reg8b-reg8
    Info (12023): Found entity 1: Reg8b
Info (12021): Found 2 design units, including 1 entities, in source file Reg2b.vhd
    Info (12022): Found design unit 1: Reg2b-reg2
    Info (12023): Found entity 1: Reg2b
Info (12021): Found 2 design units, including 1 entities, in source file Mux4_1x8.vhd
    Info (12022): Found design unit 1: Mux4_1x8-mux4_1
    Info (12023): Found entity 1: Mux4_1x8
Info (12021): Found 2 design units, including 1 entities, in source file Mux2_1x16.vhd
    Info (12022): Found design unit 1: Mux2_1x16-mux16_1
    Info (12023): Found entity 1: Mux2_1x16
Info (12021): Found 2 design units, including 1 entities, in source file Mux2_1x8.vhd
    Info (12022): Found design unit 1: Mux2_1x8-mux8_1
    Info (12023): Found entity 1: Mux2_1x8
Info (12021): Found 2 design units, including 1 entities, in source file Mux2_1x7.vhd
    Info (12022): Found design unit 1: Mux2_1x7-mux7_1
    Info (12023): Found entity 1: Mux2_1x7
Info (12021): Found 2 design units, including 1 entities, in source file Div_Freq_DE2.vhd
    Info (12022): Found design unit 1: Div_Freq_DE2-divisor
    Info (12023): Found entity 1: Div_Freq_DE2
Info (12021): Found 2 design units, including 1 entities, in source file Div_Freq.vhd
    Info (12022): Found design unit 1: Div_Freq-divisor
    Info (12023): Found entity 1: Div_Freq
Info (12127): Elaborating entity "usertop" for the top level hierarchy
Info (12128): Elaborating entity "ButtonSync" for hierarchy "ButtonSync:bsc"
Info (12128): Elaborating entity "controle" for hierarchy "controle:ctr"
Info (12128): Elaborating entity "datapath" for hierarchy "datapath:dtp"
Warning (10873): Using initial value X (don't care) for net "LEDR[17..16]" at datapath.vhd(13)
Info (12128): Elaborating entity "Reg16b" for hierarchy "datapath:dtp|Reg16b:play1"
Warning (10492): VHDL Process Statement warning at Reg16b.vhd(15): signal "Reset" is read inside the Process Statement but isn't in the Process Statement's sensitivity list
Info (12128): Elaborating entity "Reg8b" for hierarchy "datapath:dtp|Reg8b:REG8"
Info (12128): Elaborating entity "Mux2_1x8" for hierarchy "datapath:dtp|Mux2_1x8:muxsoma1"
Info (12128): Elaborating entity "somador" for hierarchy "datapath:dtp|somador:somador1"
Info (12128): Elaborating entity "DecBCD" for hierarchy "datapath:dtp|DecBCD:decBCDsoma"
Info (12128): Elaborating entity "Comparador" for hierarchy "datapath:dtp|Comparador:Comp"
Info (12128): Elaborating entity "Decod7seg" for hierarchy "datapath:dtp|Decod7seg:d7_hx7"
Info (12128): Elaborating entity "Mux2_1x7" for hierarchy "datapath:dtp|Mux2_1x7:mx1hx1"
Info (12128): Elaborating entity "Mux4_1x8" for hierarchy "datapath:dtp|Mux4_1x8:PenaltyMUX"
Info (12128): Elaborating entity "Reg2b" for hierarchy "datapath:dtp|Reg2b:SelREG2"
Info (12128): Elaborating entity "counter_seq" for hierarchy "datapath:dtp|counter_seq:CSeq"
Info (12128): Elaborating entity "Counter_time" for hierarchy "datapath:dtp|Counter_time:Ctime"
Info (12128): Elaborating entity "Counter_round" for hierarchy "datapath:dtp|Counter_round:cntround"
Info (12128): Elaborating entity "decoder_termometrico" for hierarchy "datapath:dtp|decoder_termometrico:dectermo"
Info (12128): Elaborating entity "Div_Freq_DE2" for hierarchy "datapath:dtp|Div_Freq_DE2:divfreq"
Info (12128): Elaborating entity "Mux2_1x16" for hierarchy "datapath:dtp|Mux2_1x16:mx_led"
Info (13000): Registers with preset signals will power-up high
Info (13003): DEV_CLRn pin will set, and not reset, register with preset signal due to NOT Gate Push-Back
Warning (13024): Output pins are stuck at VCC or GND
    Warning (13410): Pin "LEDR[16]" is stuck at GND
    Warning (13410): Pin "LEDR[17]" is stuck at GND
    Warning (13410): Pin "HEX5[0]" is stuck at VCC
    Warning (13410): Pin "HEX5[1]" is stuck at VCC
    Warning (13410): Pin "HEX5[2]" is stuck at VCC
    Warning (13410): Pin "HEX5[3]" is stuck at VCC
    Warning (13410): Pin "HEX5[4]" is stuck at VCC
    Warning (13410): Pin "HEX5[5]" is stuck at VCC
    Warning (13410): Pin "HEX5[6]" is stuck at VCC
    Warning (13410): Pin "HEX4[0]" is stuck at VCC
    Warning (13410): Pin "HEX4[1]" is stuck at VCC
    Warning (13410): Pin "HEX4[2]" is stuck at VCC
    Warning (13410): Pin "HEX4[3]" is stuck at VCC
    Warning (13410): Pin "HEX4[4]" is stuck at VCC
    Warning (13410): Pin "HEX4[5]" is stuck at VCC
    Warning (13410): Pin "HEX4[6]" is stuck at VCC
    Warning (13410): Pin "HEX3[0]" is stuck at VCC
    Warning (13410): Pin "HEX3[1]" is stuck at VCC
    Warning (13410): Pin "HEX3[2]" is stuck at VCC
    Warning (13410): Pin "HEX3[3]" is stuck at VCC
    Warning (13410): Pin "HEX3[4]" is stuck at VCC
    Warning (13410): Pin "HEX3[5]" is stuck at VCC
    Warning (13410): Pin "HEX3[6]" is stuck at VCC
    Warning (13410): Pin "HEX2[0]" is stuck at VCC
    Warning (13410): Pin "HEX2[1]" is stuck at VCC
    Warning (13410): Pin "HEX2[2]" is stuck at VCC
    Warning (13410): Pin "HEX2[3]" is stuck at VCC
    Warning (13410): Pin "HEX2[4]" is stuck at VCC
    Warning (13410): Pin "HEX2[5]" is stuck at VCC
    Warning (13410): Pin "HEX2[6]" is stuck at VCC
Info (17049): 2 registers lost all their fanouts during netlist optimizations.
Info (16010): Generating hard_block partition "hard_block:auto_generated_inst"
    Info (16011): Adding 0 node(s), including 0 DDIO, 0 PLL, 0 transceiver and 0 LCELL
Warning (21074): Design contains 10 input pin(s) that do not drive logic
    Warning (15610): No output dependent on input pin "SW[8]"
    Warning (15610): No output dependent on input pin "SW[9]"
    Warning (15610): No output dependent on input pin "SW[10]"
    Warning (15610): No output dependent on input pin "SW[11]"
    Warning (15610): No output dependent on input pin "SW[12]"
    Warning (15610): No output dependent on input pin "SW[13]"
    Warning (15610): No output dependent on input pin "SW[14]"
    Warning (15610): No output dependent on input pin "SW[15]"
    Warning (15610): No output dependent on input pin "SW[16]"
    Warning (15610): No output dependent on input pin "SW[17]"
Info (21057): Implemented 856 device resources after synthesis - the final resource count might be different
    Info (21058): Implemented 21 input pins
    Info (21059): Implemented 74 output pins
    Info (21061): Implemented 761 logic cells
Info: Quartus II 32-bit Analysis & Synthesis was successful. 0 errors, 44 warnings
    Info: Peak virtual memory: 366 megabytes
    Info: Processing ended: Fri Dec  1 15:29:59 2023
    Info: Elapsed time: 00:00:13
    Info: Total CPU time (on all processors): 00:00:12


